[2026-06-11T01:00:14.024Z] [ALERT] 🔄 SERVER RESTART DETECTED! Restart count: 5
{"timestamp":"2026-06-11T01:00:14.025Z","restartCount":5,"newPID":66036,"previousRestarts":0,"totalRestarts":5}
[2026-06-11T01:00:14.025Z] [ALERT] 🔄 Server Restart Alert

Timestamp: 2026-06-11T01:00:14.025Z
Restart #5
New PID: 66036
Memory: 51MB
CPU: 0%
[2026-06-11T01:06:14.136Z] [ALERT] 🔄 SERVER RESTART DETECTED! Restart count: 8
{"timestamp":"2026-06-11T01:06:14.138Z","restartCount":8,"newPID":68045,"previousRestarts":5,"totalRestarts":8}
[2026-06-11T01:06:14.138Z] [ALERT] 🔄 Server Restart Alert

Timestamp: 2026-06-11T01:06:14.138Z
Restart #8
New PID: 68045
Memory: 103MB
CPU: 0%
[2026-06-11T01:41:14.149Z] [ALERT] 🔄 SERVER RESTART DETECTED! Restart count: 9
{"timestamp":"2026-06-11T01:41:14.151Z","restartCount":9,"newPID":81323,"previousRestarts":8,"totalRestarts":9}
[2026-06-11T01:41:14.151Z] [ALERT] 🔄 Server Restart Alert

Timestamp: 2026-06-11T01:41:14.151Z
Restart #9
New PID: 81323
Memory: 49MB
CPU: 0%
[2026-06-11T01:47:14.164Z] [ALERT] 🔄 SERVER RESTART DETECTED! Restart count: 10
{"timestamp":"2026-06-11T01:47:14.164Z","restartCount":10,"newPID":83458,"previousRestarts":9,"totalRestarts":10}
[2026-06-11T01:47:14.165Z] [ALERT] 🔄 Server Restart Alert

Timestamp: 2026-06-11T01:47:14.165Z
Restart #10
New PID: 83458
Memory: 46MB
CPU: 0%
[2026-06-11T04:42:36.404Z] [ALERT] 🔄 SERVER RESTART DETECTED! Restart count: 135
{"timestamp":"2026-06-11T04:42:36.405Z","restartCount":135,"newPID":29371,"previousRestarts":10,"totalRestarts":135}
[2026-06-11T04:42:36.405Z] [ALERT] 🔄 Server Restart Alert

Timestamp: 2026-06-11T04:42:36.405Z
Restart #135
New PID: 29371
Memory: 140MB
CPU: 0%
[2026-06-11T04:43:36.398Z] [ALERT] 🔄 SERVER RESTART DETECTED! Restart count: 277
{"timestamp":"2026-06-11T04:43:36.399Z","restartCount":277,"newPID":29994,"previousRestarts":135,"totalRestarts":277}
[2026-06-11T04:43:36.399Z] [ALERT] 🔄 Server Restart Alert

Timestamp: 2026-06-11T04:43:36.399Z
Restart #277
New PID: 29994
Memory: 91MB
CPU: 0%
[2026-06-11T04:44:36.410Z] [ALERT] 🔄 SERVER RESTART DETECTED! Restart count: 419
{"timestamp":"2026-06-11T04:44:36.410Z","restartCount":419,"newPID":30616,"previousRestarts":277,"totalRestarts":419}
[2026-06-11T04:44:36.411Z] [ALERT] 🔄 Server Restart Alert

Timestamp: 2026-06-11T04:44:36.410Z
Restart #419
New PID: 30616
Memory: 121MB
CPU: 0%
[2026-06-11T04:45:36.402Z] [ALERT] 🔄 SERVER RESTART DETECTED! Restart count: 485
{"timestamp":"2026-06-11T04:45:36.402Z","restartCount":485,"newPID":0,"previousRestarts":419,"totalRestarts":485}
[2026-06-11T04:45:36.402Z] [ALERT] 🔄 Server Restart Alert

Timestamp: 2026-06-11T04:45:36.402Z
Restart #485
New PID: 0
Memory: 0MB
CPU: 0%
[2026-06-11T04:46:36.384Z] [ALERT] 🔄 SERVER RESTART DETECTED! Restart count: 494
{"timestamp":"2026-06-11T04:46:36.385Z","restartCount":494,"newPID":0,"previousRestarts":485,"totalRestarts":494}
[2026-06-11T04:46:36.385Z] [ALERT] 🔄 Server Restart Alert

Timestamp: 2026-06-11T04:46:36.385Z
Restart #494
New PID: 0
Memory: 0MB
CPU: 0%
[2026-06-11T04:50:36.391Z] [ALERT] 🔄 SERVER RESTART DETECTED! Restart count: 503
{"timestamp":"2026-06-11T04:50:36.392Z","restartCount":503,"newPID":0,"previousRestarts":494,"totalRestarts":503}
[2026-06-11T04:50:36.392Z] [ALERT] 🔄 Server Restart Alert

Timestamp: 2026-06-11T04:50:36.392Z
Restart #503
New PID: 0
Memory: 0MB
CPU: 0%
[2026-06-11T04:55:36.383Z] [ALERT] 🔄 SERVER RESTART DETECTED! Restart count: 512
{"timestamp":"2026-06-11T04:55:36.384Z","restartCount":512,"newPID":0,"previousRestarts":503,"totalRestarts":512}
[2026-06-11T04:55:36.384Z] [ALERT] 🔄 Server Restart Alert

Timestamp: 2026-06-11T04:55:36.384Z
Restart #512
New PID: 0
Memory: 0MB
CPU: 0%
[2026-06-11T04:57:00.218Z] [ALERT] 🔄 SERVER RESTART DETECTED! Restart count: 521
{"timestamp":"2026-06-11T04:57:00.220Z","restartCount":521,"newPID":0,"previousRestarts":512,"totalRestarts":521}
[2026-06-11T04:57:00.220Z] [ALERT] 🔄 Server Restart Alert

Timestamp: 2026-06-11T04:57:00.220Z
Restart #521
New PID: 0
Memory: 0MB
CPU: 0%
[2026-06-11T04:59:00.089Z] [ALERT] 🔄 SERVER RESTART DETECTED! Restart count: 558
{"timestamp":"2026-06-11T04:59:00.090Z","restartCount":558,"newPID":35987,"previousRestarts":521,"totalRestarts":558}
[2026-06-11T04:59:00.090Z] [ALERT] 🔄 Server Restart Alert

Timestamp: 2026-06-11T04:59:00.090Z
Restart #558
New PID: 35987
Memory: 61MB
CPU: 9%
[2026-06-11T05:00:00.345Z] [ALERT] 🔄 SERVER RESTART DETECTED! Restart count: 566
{"timestamp":"2026-06-11T05:00:00.346Z","restartCount":566,"newPID":0,"previousRestarts":558,"totalRestarts":566}
[2026-06-11T05:00:00.346Z] [ALERT] 🔄 Server Restart Alert

Timestamp: 2026-06-11T05:00:00.346Z
Restart #566
New PID: 0
Memory: 0MB
CPU: 0%
[2026-06-11T05:01:00.241Z] [ALERT] 🔄 SERVER RESTART DETECTED! Restart count: 575
{"timestamp":"2026-06-11T05:01:00.241Z","restartCount":575,"newPID":0,"previousRestarts":566,"totalRestarts":575}
[2026-06-11T05:01:00.242Z] [ALERT] 🔄 Server Restart Alert

Timestamp: 2026-06-11T05:01:00.242Z
Restart #575
New PID: 0
Memory: 0MB
CPU: 0%
[2026-06-11T05:04:00.186Z] [ALERT] 🔄 SERVER RESTART DETECTED! Restart count: 593
{"timestamp":"2026-06-11T05:04:00.187Z","restartCount":593,"newPID":0,"previousRestarts":575,"totalRestarts":593}
[2026-06-11T05:04:00.187Z] [ALERT] 🔄 Server Restart Alert

Timestamp: 2026-06-11T05:04:00.187Z
Restart #593
New PID: 0
Memory: 0MB
CPU: 0%
[2026-06-11T05:05:00.195Z] [ALERT] 🔄 SERVER RESTART DETECTED! Restart count: 629
{"timestamp":"2026-06-11T05:05:00.196Z","restartCount":629,"newPID":0,"previousRestarts":593,"totalRestarts":629}
[2026-06-11T05:05:00.196Z] [ALERT] 🔄 Server Restart Alert

Timestamp: 2026-06-11T05:05:00.196Z
Restart #629
New PID: 0
Memory: 0MB
CPU: 0%
[2026-06-11T05:06:00.145Z] [ALERT] 🔄 SERVER RESTART DETECTED! Restart count: 638
{"timestamp":"2026-06-11T05:06:00.147Z","restartCount":638,"newPID":0,"previousRestarts":629,"totalRestarts":638}
[2026-06-11T05:06:00.147Z] [ALERT] 🔄 Server Restart Alert

Timestamp: 2026-06-11T05:06:00.147Z
Restart #638
New PID: 0
Memory: 0MB
CPU: 0%
[2026-06-11T05:07:00.216Z] [ALERT] 🔄 SERVER RESTART DETECTED! Restart count: 647
{"timestamp":"2026-06-11T05:07:00.216Z","restartCount":647,"newPID":0,"previousRestarts":638,"totalRestarts":647}
[2026-06-11T05:07:00.217Z] [ALERT] 🔄 Server Restart Alert

Timestamp: 2026-06-11T05:07:00.217Z
Restart #647
New PID: 0
Memory: 0MB
CPU: 0%
[2026-06-11T05:08:00.198Z] [ALERT] 🔄 SERVER RESTART DETECTED! Restart count: 656
{"timestamp":"2026-06-11T05:08:00.199Z","restartCount":656,"newPID":0,"previousRestarts":647,"totalRestarts":656}
[2026-06-11T05:08:00.199Z] [ALERT] 🔄 Server Restart Alert

Timestamp: 2026-06-11T05:08:00.199Z
Restart #656
New PID: 0
Memory: 0MB
CPU: 0%
[2026-06-11T05:09:00.215Z] [ALERT] 🔄 SERVER RESTART DETECTED! Restart count: 674
{"timestamp":"2026-06-11T05:09:00.216Z","restartCount":674,"newPID":0,"previousRestarts":656,"totalRestarts":674}
[2026-06-11T05:09:00.216Z] [ALERT] 🔄 Server Restart Alert

Timestamp: 2026-06-11T05:09:00.216Z
Restart #674
New PID: 0
Memory: 0MB
CPU: 0%
[2026-06-11T05:11:00.133Z] [ALERT] 🔄 SERVER RESTART DETECTED! Restart count: 683
{"timestamp":"2026-06-11T05:11:00.134Z","restartCount":683,"newPID":0,"previousRestarts":674,"totalRestarts":683}
[2026-06-11T05:11:00.134Z] [ALERT] 🔄 Server Restart Alert

Timestamp: 2026-06-11T05:11:00.134Z
Restart #683
New PID: 0
Memory: 0MB
CPU: 0%
[2026-06-11T05:12:00.190Z] [ALERT] 🔄 SERVER RESTART DETECTED! Restart count: 692
{"timestamp":"2026-06-11T05:12:00.191Z","restartCount":692,"newPID":0,"previousRestarts":683,"totalRestarts":692}
[2026-06-11T05:12:00.191Z] [ALERT] 🔄 Server Restart Alert

Timestamp: 2026-06-11T05:12:00.191Z
Restart #692
New PID: 0
Memory: 0MB
CPU: 0%
[2026-06-11T05:58:45.864Z] [ALERT] 🔄 SERVER RESTART DETECTED! Restart count: 693
{"timestamp":"2026-06-11T05:58:45.866Z","restartCount":693,"newPID":55596,"previousRestarts":692,"totalRestarts":693}
[2026-06-11T05:58:45.866Z] [ALERT] 🔄 Server Restart Alert

Timestamp: 2026-06-11T05:58:45.866Z
Restart #693
New PID: 55596
Memory: 50MB
CPU: 0%
[2026-06-11T06:07:45.835Z] [ALERT] 🔄 SERVER RESTART DETECTED! Restart count: 694
{"timestamp":"2026-06-11T06:07:45.836Z","restartCount":694,"newPID":59217,"previousRestarts":693,"totalRestarts":694}
[2026-06-11T06:07:45.836Z] [ALERT] 🔄 Server Restart Alert

Timestamp: 2026-06-11T06:07:45.836Z
Restart #694
New PID: 59217
Memory: 53MB
CPU: 0%
[2026-06-11T06:12:45.834Z] [ALERT] 🔄 SERVER RESTART DETECTED! Restart count: 695
{"timestamp":"2026-06-11T06:12:45.835Z","restartCount":695,"newPID":61075,"previousRestarts":694,"totalRestarts":695}
[2026-06-11T06:12:45.835Z] [ALERT] 🔄 Server Restart Alert

Timestamp: 2026-06-11T06:12:45.835Z
Restart #695
New PID: 61075
Memory: 54MB
CPU: 0%
[2026-06-11T06:21:45.836Z] [ALERT] 🔄 SERVER RESTART DETECTED! Restart count: 696
{"timestamp":"2026-06-11T06:21:45.836Z","restartCount":696,"newPID":64287,"previousRestarts":695,"totalRestarts":696}
[2026-06-11T06:21:45.837Z] [ALERT] 🔄 Server Restart Alert

Timestamp: 2026-06-11T06:21:45.837Z
Restart #696
New PID: 64287
Memory: 54MB
CPU: 0%
[2026-06-11T06:22:45.873Z] [ALERT] 🔄 SERVER RESTART DETECTED! Restart count: 698
{"timestamp":"2026-06-11T06:22:45.874Z","restartCount":698,"newPID":64749,"previousRestarts":696,"totalRestarts":698}
[2026-06-11T06:22:45.874Z] [ALERT] 🔄 Server Restart Alert

Timestamp: 2026-06-11T06:22:45.874Z
Restart #698
New PID: 64749
Memory: 48MB
CPU: 0%
[2026-06-11T06:23:45.817Z] [ALERT] 🔄 SERVER RESTART DETECTED! Restart count: 699
{"timestamp":"2026-06-11T06:23:45.818Z","restartCount":699,"newPID":65068,"previousRestarts":698,"totalRestarts":699}
[2026-06-11T06:23:45.818Z] [ALERT] 🔄 Server Restart Alert

Timestamp: 2026-06-11T06:23:45.818Z
Restart #699
New PID: 65068
Memory: 48MB
CPU: 0%
[2026-06-11T06:25:45.871Z] [ALERT] 🔄 SERVER RESTART DETECTED! Restart count: 700
{"timestamp":"2026-06-11T06:25:45.871Z","restartCount":700,"newPID":65937,"previousRestarts":699,"totalRestarts":700}
[2026-06-11T06:25:45.871Z] [ALERT] 🔄 Server Restart Alert

Timestamp: 2026-06-11T06:25:45.871Z
Restart #700
New PID: 65937
Memory: 62MB
CPU: 0%
[2026-06-11T06:26:45.863Z] [ALERT] 🔄 SERVER RESTART DETECTED! Restart count: 701
{"timestamp":"2026-06-11T06:26:45.865Z","restartCount":701,"newPID":66089,"previousRestarts":700,"totalRestarts":701}
[2026-06-11T06:26:45.865Z] [ALERT] 🔄 Server Restart Alert

Timestamp: 2026-06-11T06:26:45.865Z
Restart #701
New PID: 66089
Memory: 50MB
CPU: 0%
[2026-06-11T06:48:45.754Z] [ALERT] 🔄 SERVER RESTART DETECTED! Restart count: 704
{"timestamp":"2026-06-11T06:48:45.756Z","restartCount":704,"newPID":74948,"previousRestarts":701,"totalRestarts":704}
[2026-06-11T06:48:45.756Z] [ALERT] 🔄 Server Restart Alert

Timestamp: 2026-06-11T06:48:45.756Z
Restart #704
New PID: 74948
Memory: 91MB
CPU: 0%
[2026-06-11T07:06:45.764Z] [ALERT] 🔄 SERVER RESTART DETECTED! Restart count: 707
{"timestamp":"2026-06-11T07:06:45.764Z","restartCount":707,"newPID":81427,"previousRestarts":704,"totalRestarts":707}
[2026-06-11T07:06:45.765Z] [ALERT] 🔄 Server Restart Alert

Timestamp: 2026-06-11T07:06:45.765Z
Restart #707
New PID: 81427
Memory: 49MB
CPU: 0%
[2026-06-11T07:09:45.792Z] [ALERT] 🔄 SERVER RESTART DETECTED! Restart count: 709
{"timestamp":"2026-06-11T07:09:45.793Z","restartCount":709,"newPID":82657,"previousRestarts":707,"totalRestarts":709}
[2026-06-11T07:09:45.793Z] [ALERT] 🔄 Server Restart Alert

Timestamp: 2026-06-11T07:09:45.793Z
Restart #709
New PID: 82657
Memory: 48MB
CPU: 0%
[2026-06-11T08:33:17.350Z] [ALERT] 🔄 SERVER RESTART DETECTED! Restart count: 710
{"timestamp":"2026-06-11T08:33:17.351Z","restartCount":710,"newPID":83780,"previousRestarts":709,"totalRestarts":710}
[2026-06-11T08:33:17.351Z] [ALERT] 🔄 Server Restart Alert

Timestamp: 2026-06-11T08:33:17.351Z
Restart #710
New PID: 83780
Memory: 71MB
CPU: 6%
[2026-06-11T09:44:50.009Z] [ALERT] 🔄 SERVER RESTART DETECTED! Restart count: 711
{"timestamp":"2026-06-11T09:44:50.010Z","restartCount":711,"newPID":84392,"previousRestarts":710,"totalRestarts":711}
[2026-06-11T09:44:50.010Z] [ALERT] 🔄 Server Restart Alert

Timestamp: 2026-06-11T09:44:50.010Z
Restart #711
New PID: 84392
Memory: 48MB
CPU: 0%
[2026-06-11T10:13:43.724Z] [ALERT] 🔄 SERVER RESTART DETECTED! Restart count: 713
{"timestamp":"2026-06-11T10:13:43.725Z","restartCount":713,"newPID":0,"previousRestarts":711,"totalRestarts":713}
[2026-06-11T10:13:43.725Z] [ALERT] 🔄 Server Restart Alert

Timestamp: 2026-06-11T10:13:43.725Z
Restart #713
New PID: 0
Memory: 0MB
CPU: 0%
[2026-06-11T10:33:00.839Z] [ALERT] 🔄 SERVER RESTART DETECTED! Restart count: 714
{"timestamp":"2026-06-11T10:33:00.840Z","restartCount":714,"newPID":84753,"previousRestarts":713,"totalRestarts":714}
[2026-06-11T10:33:00.840Z] [ALERT] 🔄 Server Restart Alert

Timestamp: 2026-06-11T10:33:00.840Z
Restart #714
New PID: 84753
Memory: 58MB
CPU: 0%
[2026-06-11T11:06:14.520Z] [ALERT] 🔄 SERVER RESTART DETECTED! Restart count: 715
{"timestamp":"2026-06-11T11:06:14.521Z","restartCount":715,"newPID":84838,"previousRestarts":714,"totalRestarts":715}
[2026-06-11T11:06:14.521Z] [ALERT] 🔄 Server Restart Alert

Timestamp: 2026-06-11T11:06:14.521Z
Restart #715
New PID: 84838
Memory: 0MB
CPU: 0%
[2026-06-11T11:13:17.642Z] [ALERT] 🔄 SERVER RESTART DETECTED! Restart count: 716
{"timestamp":"2026-06-11T11:13:17.643Z","restartCount":716,"newPID":84925,"previousRestarts":715,"totalRestarts":716}
[2026-06-11T11:13:17.643Z] [ALERT] 🔄 Server Restart Alert

Timestamp: 2026-06-11T11:13:17.643Z
Restart #716
New PID: 84925
Memory: 81MB
CPU: 0%
[2026-06-11T11:48:12.228Z] [ALERT] 🔄 SERVER RESTART DETECTED! Restart count: 717
{"timestamp":"2026-06-11T11:48:12.228Z","restartCount":717,"newPID":85204,"previousRestarts":716,"totalRestarts":717}
[2026-06-11T11:48:12.229Z] [ALERT] 🔄 Server Restart Alert

Timestamp: 2026-06-11T11:48:12.228Z
Restart #717
New PID: 85204
Memory: 44MB
CPU: 0%
[2026-06-11T12:04:36.811Z] [ALERT] 🔄 SERVER RESTART DETECTED! Restart count: 718
{"timestamp":"2026-06-11T12:04:36.811Z","restartCount":718,"newPID":85340,"previousRestarts":717,"totalRestarts":718}
[2026-06-11T12:04:36.811Z] [ALERT] 🔄 Server Restart Alert

Timestamp: 2026-06-11T12:04:36.811Z
Restart #718
New PID: 85340
Memory: 63MB
CPU: 0%
[2026-06-11T13:16:23.323Z] [ALERT] 🔄 SERVER RESTART DETECTED! Restart count: 719
{"timestamp":"2026-06-11T13:16:23.324Z","restartCount":719,"newPID":87048,"previousRestarts":718,"totalRestarts":719}
[2026-06-11T13:16:23.325Z] [ALERT] 🔄 Server Restart Alert

Timestamp: 2026-06-11T13:16:23.324Z
Restart #719
New PID: 87048
Memory: 50MB
CPU: 0%
[2026-06-11T13:32:06.878Z] [ALERT] 🔄 SERVER RESTART DETECTED! Restart count: 721
{"timestamp":"2026-06-11T13:32:06.878Z","restartCount":721,"newPID":91945,"previousRestarts":719,"totalRestarts":721}
[2026-06-11T13:32:06.878Z] [ALERT] 🔄 Server Restart Alert

Timestamp: 2026-06-11T13:32:06.878Z
Restart #721
New PID: 91945
Memory: 127MB
CPU: 0%
[2026-06-11T13:33:06.867Z] [ALERT] 🔄 SERVER RESTART DETECTED! Restart count: 729
{"timestamp":"2026-06-11T13:33:06.867Z","restartCount":729,"newPID":92345,"previousRestarts":721,"totalRestarts":729}
[2026-06-11T13:33:06.867Z] [ALERT] 🔄 Server Restart Alert

Timestamp: 2026-06-11T13:33:06.867Z
Restart #729
New PID: 92345
Memory: 66MB
CPU: 0%
[2026-06-11T13:34:06.918Z] [ALERT] 🔄 SERVER RESTART DETECTED! Restart count: 735
{"timestamp":"2026-06-11T13:34:06.919Z","restartCount":735,"newPID":92663,"previousRestarts":729,"totalRestarts":735}
[2026-06-11T13:34:06.919Z] [ALERT] 🔄 Server Restart Alert

Timestamp: 2026-06-11T13:34:06.919Z
Restart #735
New PID: 92663
Memory: 36MB
CPU: 0%
[2026-06-11T13:36:06.863Z] [ALERT] 🔄 SERVER RESTART DETECTED! Restart count: 736
{"timestamp":"2026-06-11T13:36:06.864Z","restartCount":736,"newPID":93342,"previousRestarts":735,"totalRestarts":736}
[2026-06-11T13:36:06.864Z] [ALERT] 🔄 Server Restart Alert

Timestamp: 2026-06-11T13:36:06.864Z
Restart #736
New PID: 93342
Memory: 48MB
CPU: 0%
[2026-06-11T13:37:06.870Z] [ALERT] 🔄 SERVER RESTART DETECTED! Restart count: 737
{"timestamp":"2026-06-11T13:37:06.871Z","restartCount":737,"newPID":93501,"previousRestarts":736,"totalRestarts":737}
[2026-06-11T13:37:06.871Z] [ALERT] 🔄 Server Restart Alert

Timestamp: 2026-06-11T13:37:06.871Z
Restart #737
New PID: 93501
Memory: 50MB
CPU: 0%
[2026-06-11T13:48:07.223Z] [ALERT] 🔄 SERVER RESTART DETECTED! Restart count: 739
{"timestamp":"2026-06-11T13:48:07.225Z","restartCount":739,"newPID":97536,"previousRestarts":737,"totalRestarts":739}
[2026-06-11T13:48:07.226Z] [ALERT] 🔄 Server Restart Alert

Timestamp: 2026-06-11T13:48:07.225Z
Restart #739
New PID: 97536
Memory: 45MB
CPU: 0%
[2026-06-11T13:49:06.886Z] [ALERT] 🔄 SERVER RESTART DETECTED! Restart count: 743
{"timestamp":"2026-06-11T13:49:06.887Z","restartCount":743,"newPID":97914,"previousRestarts":739,"totalRestarts":743}
[2026-06-11T13:49:06.887Z] [ALERT] 🔄 Server Restart Alert

Timestamp: 2026-06-11T13:49:06.887Z
Restart #743
New PID: 97914
Memory: 108MB
CPU: 0%
[2026-06-11T13:50:06.835Z] [ALERT] 🔄 SERVER RESTART DETECTED! Restart count: 744
{"timestamp":"2026-06-11T13:50:06.836Z","restartCount":744,"newPID":98036,"previousRestarts":743,"totalRestarts":744}
[2026-06-11T13:50:06.836Z] [ALERT] 🔄 Server Restart Alert

Timestamp: 2026-06-11T13:50:06.836Z
Restart #744
New PID: 98036
Memory: 62MB
CPU: 0%
[2026-06-11T14:06:06.816Z] [ALERT] 🔄 SERVER RESTART DETECTED! Restart count: 745
{"timestamp":"2026-06-11T14:06:06.817Z","restartCount":745,"newPID":3807,"previousRestarts":744,"totalRestarts":745}
[2026-06-11T14:06:06.817Z] [ALERT] 🔄 Server Restart Alert

Timestamp: 2026-06-11T14:06:06.817Z
Restart #745
New PID: 3807
Memory: 44MB
CPU: 0%
[2026-06-11T14:07:06.791Z] [ALERT] 🔄 SERVER RESTART DETECTED! Restart count: 749
{"timestamp":"2026-06-11T14:07:06.792Z","restartCount":749,"newPID":4292,"previousRestarts":745,"totalRestarts":749}
[2026-06-11T14:07:06.792Z] [ALERT] 🔄 Server Restart Alert

Timestamp: 2026-06-11T14:07:06.792Z
Restart #749
New PID: 4292
Memory: 119MB
CPU: 0%
[2026-06-11T14:08:06.796Z] [ALERT] 🔄 SERVER RESTART DETECTED! Restart count: 750
{"timestamp":"2026-06-11T14:08:06.796Z","restartCount":750,"newPID":4386,"previousRestarts":749,"totalRestarts":750}
[2026-06-11T14:08:06.796Z] [ALERT] 🔄 Server Restart Alert

Timestamp: 2026-06-11T14:08:06.796Z
Restart #750
New PID: 4386
Memory: 55MB
CPU: 0%
[2026-06-11T14:14:06.928Z] [ALERT] 🔄 SERVER RESTART DETECTED! Restart count: 752
{"timestamp":"2026-06-11T14:14:06.929Z","restartCount":752,"newPID":6624,"previousRestarts":750,"totalRestarts":752}
[2026-06-11T14:14:06.929Z] [ALERT] 🔄 Server Restart Alert

Timestamp: 2026-06-11T14:14:06.929Z
Restart #752
New PID: 6624
Memory: 80MB
CPU: 0%
[2026-06-11T14:15:06.913Z] [ALERT] 🔄 SERVER RESTART DETECTED! Restart count: 760
{"timestamp":"2026-06-11T14:15:06.913Z","restartCount":760,"newPID":7323,"previousRestarts":752,"totalRestarts":760}
[2026-06-11T14:15:06.913Z] [ALERT] 🔄 Server Restart Alert

Timestamp: 2026-06-11T14:15:06.913Z
Restart #760
New PID: 7323
Memory: 120MB
CPU: 0%
[2026-06-11T14:16:06.983Z] [ALERT] 🔄 SERVER RESTART DETECTED! Restart count: 768
{"timestamp":"2026-06-11T14:16:06.985Z","restartCount":768,"newPID":8059,"previousRestarts":760,"totalRestarts":768}
[2026-06-11T14:16:06.985Z] [ALERT] 🔄 Server Restart Alert

Timestamp: 2026-06-11T14:16:06.985Z
Restart #768
New PID: 8059
Memory: 65MB
CPU: 0%
[2026-06-11T14:17:07.003Z] [ALERT] 🔄 SERVER RESTART DETECTED! Restart count: 773
{"timestamp":"2026-06-11T14:17:07.004Z","restartCount":773,"newPID":8431,"previousRestarts":768,"totalRestarts":773}
[2026-06-11T14:17:07.004Z] [ALERT] 🔄 Server Restart Alert

Timestamp: 2026-06-11T14:17:07.004Z
Restart #773
New PID: 8431
Memory: 115MB
CPU: 0%
[2026-06-11T14:18:06.895Z] [ALERT] 🔄 SERVER RESTART DETECTED! Restart count: 774
{"timestamp":"2026-06-11T14:18:06.896Z","restartCount":774,"newPID":8734,"previousRestarts":773,"totalRestarts":774}
[2026-06-11T14:18:06.896Z] [ALERT] 🔄 Server Restart Alert

Timestamp: 2026-06-11T14:18:06.896Z
Restart #774
New PID: 8734
Memory: 49MB
CPU: 0%
[2026-06-11T14:23:06.875Z] [ALERT] 🔄 SERVER RESTART DETECTED! Restart count: 775
{"timestamp":"2026-06-11T14:23:06.876Z","restartCount":775,"newPID":10717,"previousRestarts":774,"totalRestarts":775}
[2026-06-11T14:23:06.876Z] [ALERT] 🔄 Server Restart Alert

Timestamp: 2026-06-11T14:23:06.876Z
Restart #775
New PID: 10717
Memory: 43MB
CPU: 0%
[2026-06-11T14:29:06.861Z] [ALERT] 🔄 SERVER RESTART DETECTED! Restart count: 779
{"timestamp":"2026-06-11T14:29:06.861Z","restartCount":779,"newPID":13525,"previousRestarts":775,"totalRestarts":779}
[2026-06-11T14:29:06.862Z] [ALERT] 🔄 Server Restart Alert

Timestamp: 2026-06-11T14:29:06.861Z
Restart #779
New PID: 13525
Memory: 64MB
CPU: 0%
[2026-06-11T14:31:06.879Z] [ALERT] 🔄 SERVER RESTART DETECTED! Restart count: 781
{"timestamp":"2026-06-11T14:31:06.880Z","restartCount":781,"newPID":14492,"previousRestarts":779,"totalRestarts":781}
[2026-06-11T14:31:06.880Z] [ALERT] 🔄 Server Restart Alert

Timestamp: 2026-06-11T14:31:06.880Z
Restart #781
New PID: 14492
Memory: 109MB
CPU: 0%
[2026-06-11T14:32:06.833Z] [ALERT] 🔄 SERVER RESTART DETECTED! Restart count: 783
{"timestamp":"2026-06-11T14:32:06.834Z","restartCount":783,"newPID":14596,"previousRestarts":781,"totalRestarts":783}
[2026-06-11T14:32:06.834Z] [ALERT] 🔄 Server Restart Alert

Timestamp: 2026-06-11T14:32:06.834Z
Restart #783
New PID: 14596
Memory: 0MB
CPU: 0%
[2026-06-11T14:33:06.867Z] [ALERT] 🔄 SERVER RESTART DETECTED! Restart count: 785
{"timestamp":"2026-06-11T14:33:06.868Z","restartCount":785,"newPID":15201,"previousRestarts":783,"totalRestarts":785}
[2026-06-11T14:33:06.868Z] [ALERT] 🔄 Server Restart Alert

Timestamp: 2026-06-11T14:33:06.868Z
Restart #785
New PID: 15201
Memory: 105MB
CPU: 0%
[2026-06-11T14:34:06.855Z] [ALERT] 🔄 SERVER RESTART DETECTED! Restart count: 786
{"timestamp":"2026-06-11T14:34:06.856Z","restartCount":786,"newPID":15304,"previousRestarts":785,"totalRestarts":786}
[2026-06-11T14:34:06.856Z] [ALERT] 🔄 Server Restart Alert

Timestamp: 2026-06-11T14:34:06.856Z
Restart #786
New PID: 15304
Memory: 76MB
CPU: 0%
[2026-06-11T14:35:06.812Z] [ALERT] 🔄 SERVER RESTART DETECTED! Restart count: 788
{"timestamp":"2026-06-11T14:35:06.812Z","restartCount":788,"newPID":15961,"previousRestarts":786,"totalRestarts":788}
[2026-06-11T14:35:06.812Z] [ALERT] 🔄 Server Restart Alert

Timestamp: 2026-06-11T14:35:06.812Z
Restart #788
New PID: 15961
Memory: 60MB
CPU: 0%
[2026-06-11T14:37:06.885Z] [ALERT] 🔄 SERVER RESTART DETECTED! Restart count: 789
{"timestamp":"2026-06-11T14:37:06.886Z","restartCount":789,"newPID":16659,"previousRestarts":788,"totalRestarts":789}
[2026-06-11T14:37:06.886Z] [ALERT] 🔄 Server Restart Alert

Timestamp: 2026-06-11T14:37:06.886Z
Restart #789
New PID: 16659
Memory: 43MB
CPU: 0%
[2026-06-11T14:38:06.844Z] [ALERT] 🔄 SERVER RESTART DETECTED! Restart count: 791
{"timestamp":"2026-06-11T14:38:06.845Z","restartCount":791,"newPID":17155,"previousRestarts":789,"totalRestarts":791}
[2026-06-11T14:38:06.845Z] [ALERT] 🔄 Server Restart Alert

Timestamp: 2026-06-11T14:38:06.845Z
Restart #791
New PID: 17155
Memory: 120MB
CPU: 0%
[2026-06-11T14:52:06.824Z] [ALERT] 🔄 SERVER RESTART DETECTED! Restart count: 799
{"timestamp":"2026-06-11T14:52:06.824Z","restartCount":799,"newPID":22598,"previousRestarts":791,"totalRestarts":799}
[2026-06-11T14:52:06.824Z] [ALERT] 🔄 Server Restart Alert

Timestamp: 2026-06-11T14:52:06.824Z
Restart #799
New PID: 22598
Memory: 141MB
CPU: 0%
[2026-06-11T14:53:06.819Z] [ALERT] 🔄 SERVER RESTART DETECTED! Restart count: 811
{"timestamp":"2026-06-11T14:53:06.820Z","restartCount":811,"newPID":23013,"previousRestarts":799,"totalRestarts":811}
[2026-06-11T14:53:06.820Z] [ALERT] 🔄 Server Restart Alert

Timestamp: 2026-06-11T14:53:06.820Z
Restart #811
New PID: 23013
Memory: 123MB
CPU: 0%
[2026-06-11T14:54:06.813Z] [ALERT] 🔄 SERVER RESTART DETECTED! Restart count: 818
{"timestamp":"2026-06-11T14:54:06.814Z","restartCount":818,"newPID":23402,"previousRestarts":811,"totalRestarts":818}
[2026-06-11T14:54:06.814Z] [ALERT] 🔄 Server Restart Alert

Timestamp: 2026-06-11T14:54:06.814Z
Restart #818
New PID: 23402
Memory: 124MB
CPU: 0%
[2026-06-11T14:55:06.795Z] [ALERT] 🔄 SERVER RESTART DETECTED! Restart count: 820
{"timestamp":"2026-06-11T14:55:06.796Z","restartCount":820,"newPID":23517,"previousRestarts":818,"totalRestarts":820}
[2026-06-11T14:55:06.796Z] [ALERT] 🔄 Server Restart Alert

Timestamp: 2026-06-11T14:55:06.796Z
Restart #820
New PID: 23517
Memory: 46MB
CPU: 0%
[2026-06-11T14:56:06.752Z] [ALERT] 🔄 SERVER RESTART DETECTED! Restart count: 821
{"timestamp":"2026-06-11T14:56:06.752Z","restartCount":821,"newPID":24175,"previousRestarts":820,"totalRestarts":821}
[2026-06-11T14:56:06.752Z] [ALERT] 🔄 Server Restart Alert

Timestamp: 2026-06-11T14:56:06.752Z
Restart #821
New PID: 24175
Memory: 105MB
CPU: 0%
[2026-06-11T14:59:06.806Z] [ALERT] 🔄 SERVER RESTART DETECTED! Restart count: 822
{"timestamp":"2026-06-11T14:59:06.807Z","restartCount":822,"newPID":24995,"previousRestarts":821,"totalRestarts":822}
[2026-06-11T14:59:06.807Z] [ALERT] 🔄 Server Restart Alert

Timestamp: 2026-06-11T14:59:06.807Z
Restart #822
New PID: 24995
Memory: 70MB
CPU: 0%
[2026-06-11T16:28:45.336Z] [ALERT] 🔄 SERVER RESTART DETECTED! Restart count: 826
{"timestamp":"2026-06-11T16:28:45.337Z","restartCount":826,"newPID":49636,"previousRestarts":822,"totalRestarts":826}
[2026-06-11T16:28:45.337Z] [ALERT] 🔄 Server Restart Alert

Timestamp: 2026-06-11T16:28:45.337Z
Restart #826
New PID: 49636
Memory: 96MB
CPU: 0%
[2026-06-11T16:29:45.337Z] [ALERT] 🔄 SERVER RESTART DETECTED! Restart count: 839
{"timestamp":"2026-06-11T16:29:45.338Z","restartCount":839,"newPID":50058,"previousRestarts":826,"totalRestarts":839}
[2026-06-11T16:29:45.338Z] [ALERT] 🔄 Server Restart Alert

Timestamp: 2026-06-11T16:29:45.338Z
Restart #839
New PID: 50058
Memory: 59MB
CPU: 0%
[2026-06-11T16:30:45.361Z] [ALERT] 🔄 SERVER RESTART DETECTED! Restart count: 840
{"timestamp":"2026-06-11T16:30:45.362Z","restartCount":840,"newPID":50099,"previousRestarts":839,"totalRestarts":840}
[2026-06-11T16:30:45.362Z] [ALERT] 🔄 Server Restart Alert

Timestamp: 2026-06-11T16:30:45.362Z
Restart #840
New PID: 50099
Memory: 47MB
CPU: 0%
[2026-06-11T16:36:45.327Z] [ALERT] 🔄 SERVER RESTART DETECTED! Restart count: 859
{"timestamp":"2026-06-11T16:36:45.327Z","restartCount":859,"newPID":0,"previousRestarts":840,"totalRestarts":859}
[2026-06-11T16:36:45.327Z] [ALERT] 🔄 Server Restart Alert

Timestamp: 2026-06-11T16:36:45.327Z
Restart #859
New PID: 0
Memory: 0MB
CPU: 0%
[2026-06-11T16:40:45.302Z] [ALERT] 🔄 SERVER RESTART DETECTED! Restart count: 868
{"timestamp":"2026-06-11T16:40:45.303Z","restartCount":868,"newPID":0,"previousRestarts":859,"totalRestarts":868}
[2026-06-11T16:40:45.303Z] [ALERT] 🔄 Server Restart Alert

Timestamp: 2026-06-11T16:40:45.303Z
Restart #868
New PID: 0
Memory: 0MB
CPU: 0%
[2026-06-11T16:45:43.603Z] [ALERT] 🔄 SERVER RESTART DETECTED! Restart count: 877
{"timestamp":"2026-06-11T16:45:43.604Z","restartCount":877,"newPID":0,"previousRestarts":868,"totalRestarts":877}
[2026-06-11T16:45:43.604Z] [ALERT] 🔄 Server Restart Alert

Timestamp: 2026-06-11T16:45:43.604Z
Restart #877
New PID: 0
Memory: 0MB
CPU: 0%
[2026-06-11T16:59:59.248Z] [ALERT] 🔄 SERVER RESTART DETECTED! Restart count: 886
{"timestamp":"2026-06-11T16:59:59.248Z","restartCount":886,"newPID":0,"previousRestarts":877,"totalRestarts":886}
[2026-06-11T16:59:59.248Z] [ALERT] 🔄 Server Restart Alert

Timestamp: 2026-06-11T16:59:59.248Z
Restart #886
New PID: 0
Memory: 0MB
CPU: 0%
[2026-06-11T17:01:59.359Z] [ALERT] 🔄 SERVER RESTART DETECTED! Restart count: 895
{"timestamp":"2026-06-11T17:01:59.361Z","restartCount":895,"newPID":0,"previousRestarts":886,"totalRestarts":895}
[2026-06-11T17:01:59.361Z] [ALERT] 🔄 Server Restart Alert

Timestamp: 2026-06-11T17:01:59.361Z
Restart #895
New PID: 0
Memory: 0MB
CPU: 0%
[2026-06-11T17:33:55.926Z] [ALERT] 🔄 SERVER RESTART DETECTED! Restart count: 904
{"timestamp":"2026-06-11T17:33:55.927Z","restartCount":904,"newPID":0,"previousRestarts":895,"totalRestarts":904}
[2026-06-11T17:33:55.927Z] [ALERT] 🔄 Server Restart Alert

Timestamp: 2026-06-11T17:33:55.927Z
Restart #904
New PID: 0
Memory: 0MB
CPU: 0%
[2026-06-11T17:50:55.285Z] [ALERT] 🔄 SERVER RESTART DETECTED! Restart count: 913
{"timestamp":"2026-06-11T17:50:55.286Z","restartCount":913,"newPID":56577,"previousRestarts":904,"totalRestarts":913}
[2026-06-11T17:50:55.286Z] [ALERT] 🔄 Server Restart Alert

Timestamp: 2026-06-11T17:50:55.286Z
Restart #913
New PID: 56577
Memory: 82MB
CPU: 0%
[2026-06-11T18:05:55.835Z] [ALERT] 🔄 SERVER RESTART DETECTED! Restart count: 922
{"timestamp":"2026-06-11T18:05:55.836Z","restartCount":922,"newPID":0,"previousRestarts":913,"totalRestarts":922}
[2026-06-11T18:05:55.836Z] [ALERT] 🔄 Server Restart Alert

Timestamp: 2026-06-11T18:05:55.836Z
Restart #922
New PID: 0
Memory: 0MB
CPU: 0%
[2026-06-11T18:23:25.613Z] [ALERT] 🔄 SERVER RESTART DETECTED! Restart count: 931
{"timestamp":"2026-06-11T18:23:25.613Z","restartCount":931,"newPID":0,"previousRestarts":922,"totalRestarts":931}
[2026-06-11T18:23:25.613Z] [ALERT] 🔄 Server Restart Alert

Timestamp: 2026-06-11T18:23:25.613Z
Restart #931
New PID: 0
Memory: 0MB
CPU: 0%
[2026-06-11T18:40:42.960Z] [ALERT] 🔄 SERVER RESTART DETECTED! Restart count: 941
{"timestamp":"2026-06-11T18:40:42.960Z","restartCount":941,"newPID":56852,"previousRestarts":931,"totalRestarts":941}
[2026-06-11T18:40:42.960Z] [ALERT] 🔄 Server Restart Alert

Timestamp: 2026-06-11T18:40:42.960Z
Restart #941
New PID: 56852
Memory: 37MB
CPU: 0%
[2026-06-11T18:49:47.573Z] [ALERT] 🔄 SERVER RESTART DETECTED! Restart count: 949
{"timestamp":"2026-06-11T18:49:47.574Z","restartCount":949,"newPID":0,"previousRestarts":941,"totalRestarts":949}
[2026-06-11T18:49:47.574Z] [ALERT] 🔄 Server Restart Alert

Timestamp: 2026-06-11T18:49:47.574Z
Restart #949
New PID: 0
Memory: 0MB
CPU: 0%
[2026-06-11T18:53:34.888Z] [ALERT] 🔄 SERVER RESTART DETECTED! Restart count: 967
{"timestamp":"2026-06-11T18:53:34.889Z","restartCount":967,"newPID":0,"previousRestarts":949,"totalRestarts":967}
[2026-06-11T18:53:34.889Z] [ALERT] 🔄 Server Restart Alert

Timestamp: 2026-06-11T18:53:34.889Z
Restart #967
New PID: 0
Memory: 0MB
CPU: 0%
[2026-06-11T19:11:50.385Z] [ALERT] 🔄 SERVER RESTART DETECTED! Restart count: 976
{"timestamp":"2026-06-11T19:11:50.386Z","restartCount":976,"newPID":0,"previousRestarts":967,"totalRestarts":976}
[2026-06-11T19:11:50.386Z] [ALERT] 🔄 Server Restart Alert

Timestamp: 2026-06-11T19:11:50.386Z
Restart #976
New PID: 0
Memory: 0MB
CPU: 0%
[2026-06-11T19:12:49.900Z] [ALERT] 🔄 SERVER RESTART DETECTED! Restart count: 985
{"timestamp":"2026-06-11T19:12:49.903Z","restartCount":985,"newPID":0,"previousRestarts":976,"totalRestarts":985}
[2026-06-11T19:12:49.903Z] [ALERT] 🔄 Server Restart Alert

Timestamp: 2026-06-11T19:12:49.903Z
Restart #985
New PID: 0
Memory: 0MB
CPU: 0%
[2026-06-11T19:15:49.742Z] [ALERT] 🔄 SERVER RESTART DETECTED! Restart count: 994
{"timestamp":"2026-06-11T19:15:49.743Z","restartCount":994,"newPID":0,"previousRestarts":985,"totalRestarts":994}
[2026-06-11T19:15:49.743Z] [ALERT] 🔄 Server Restart Alert

Timestamp: 2026-06-11T19:15:49.743Z
Restart #994
New PID: 0
Memory: 0MB
CPU: 0%
[2026-06-11T19:20:49.763Z] [ALERT] 🔄 SERVER RESTART DETECTED! Restart count: 1003
{"timestamp":"2026-06-11T19:20:49.764Z","restartCount":1003,"newPID":0,"previousRestarts":994,"totalRestarts":1003}
[2026-06-11T19:20:49.765Z] [ALERT] 🔄 Server Restart Alert

Timestamp: 2026-06-11T19:20:49.765Z
Restart #1003
New PID: 0
Memory: 0MB
CPU: 0%
[2026-06-11T19:25:49.729Z] [ALERT] 🔄 SERVER RESTART DETECTED! Restart count: 1012
{"timestamp":"2026-06-11T19:25:49.730Z","restartCount":1012,"newPID":0,"previousRestarts":1003,"totalRestarts":1012}
[2026-06-11T19:25:49.730Z] [ALERT] 🔄 Server Restart Alert

Timestamp: 2026-06-11T19:25:49.730Z
Restart #1012
New PID: 0
Memory: 0MB
CPU: 0%
[2026-06-11T19:30:49.731Z] [ALERT] 🔄 SERVER RESTART DETECTED! Restart count: 1021
{"timestamp":"2026-06-11T19:30:49.732Z","restartCount":1021,"newPID":0,"previousRestarts":1012,"totalRestarts":1021}
[2026-06-11T19:30:49.732Z] [ALERT] 🔄 Server Restart Alert

Timestamp: 2026-06-11T19:30:49.732Z
Restart #1021
New PID: 0
Memory: 0MB
CPU: 0%
[2026-06-11T19:35:49.703Z] [ALERT] 🔄 SERVER RESTART DETECTED! Restart count: 1030
{"timestamp":"2026-06-11T19:35:49.704Z","restartCount":1030,"newPID":0,"previousRestarts":1021,"totalRestarts":1030}
[2026-06-11T19:35:49.705Z] [ALERT] 🔄 Server Restart Alert

Timestamp: 2026-06-11T19:35:49.705Z
Restart #1030
New PID: 0
Memory: 0MB
CPU: 0%
